# JRE version: OpenJDK Runtime Environment Temurin-17.0.13+11 (17.0.13+11) (build 17.0.13+11)
# Java VM: OpenJDK 64-Bit Server VM Temurin-17.0.13+11 (17.0.13+11, mixed mode, tiered, compressed oops, compressed class ptrs, parallel gc, windows-amd64)
GC Precious Log:
 CPUs: 12 total, 12 available
 Memory: 7930M
 Large Page Support: Disabled
 NUMA Support: Disabled
 Compressed Oops: Enabled (32-bit)
 Alignments: Space 512K, Generation 512K, Heap 2M
 Heap Min Capacity: 100M
 Heap Initial Capacity: 100M
 Heap Max Capacity: 1G
 Pre-touch: Disabled
 Parallel Workers: 10
Heap:
 PSYoungGen      total 3072K, used 1779K [0x00000000eab00000, 0x00000000eb100000, 0x0000000100000000)
  eden space 2560K, 55% used [0x00000000eab00000,0x00000000eac64de8,0x00000000ead80000)
  from space 512K, 68% used [0x00000000eae00000,0x00000000eae58000,0x00000000eae80000)
  to   space 1536K, 0% used [0x00000000eaf80000,0x00000000eaf80000,0x00000000eb100000)
 ParOldGen       total 278016K, used 247222K [0x00000000c0000000, 0x00000000d0f80000, 0x00000000eab00000)
  object space 278016K, 88% used [0x00000000c0000000,0x00000000cf16da58,0x00000000d0f80000)
 Metaspace       used 79929K, committed 81408K, reserved 1179648K
  class space    used 8509K, committed 9152K, reserved 1048576K
GC Heap History (20 events):
Event: 157.440 GC heap before
{Heap before GC invocations=191 (full 12):
 PSYoungGen      total 4608K, used 3981K [0x00000000eab00000, 0x00000000eb100000, 0x0000000100000000)
  eden space 3072K, 99% used [0x00000000eab00000,0x00000000eadff3f0,0x00000000eae00000)
  from space 1536K, 59% used [0x00000000eae00000,0x00000000eaee43d8,0x00000000eaf80000)
  to   space 1024K, 0% used [0x00000000eb000000,0x00000000eb000000,0x00000000eb100000)
 ParOldGen       total 278016K, used 237419K [0x00000000c0000000, 0x00000000d0f80000, 0x00000000eab00000)
  object space 278016K, 85% used [0x00000000c0000000,0x00000000ce7daf08,0x00000000d0f80000)
 Metaspace       used 78686K, committed 80064K, reserved 1179648K
  class space    used 8412K, committed 8960K, reserved 1048576K
}
Event: 157.441 GC heap after
{Heap after GC invocations=191 (full 12):
 PSYoungGen      total 5120K, used 384K [0x00000000eab00000, 0x00000000eb100000, 0x0000000100000000)
  eden space 4096K, 0% used [0x00000000eab00000,0x00000000eab00000,0x00000000eaf00000)
  from space 1024K, 37% used [0x00000000eb000000,0x00000000eb060000,0x00000000eb100000)
  to   space 1024K, 0% used [0x00000000eaf00000,0x00000000eaf00000,0x00000000eb000000)
 ParOldGen       total 278016K, used 238015K [0x00000000c0000000, 0x00000000d0f80000, 0x00000000eab00000)
  object space 278016K, 85% used [0x00000000c0000000,0x00000000ce86fda0,0x00000000d0f80000)
 Metaspace       used 78686K, committed 80064K, reserved 1179648K
  class space    used 8412K, committed 8960K, reserved 1048576K
}
Event: 157.492 GC heap before
{Heap before GC invocations=192 (full 12):
 PSYoungGen      total 5120K, used 4480K [0x00000000eab00000, 0x00000000eb100000, 0x0000000100000000)
  eden space 4096K, 100% used [0x00000000eab00000,0x00000000eaf00000,0x00000000eaf00000)
  from space 1024K, 37% used [0x00000000eb000000,0x00000000eb060000,0x00000000eb100000)
  to   space 1024K, 0% used [0x00000000eaf00000,0x00000000eaf00000,0x00000000eb000000)
 ParOldGen       total 278016K, used 238015K [0x00000000c0000000, 0x00000000d0f80000, 0x00000000eab00000)
  object space 278016K, 85% used [0x00000000c0000000,0x00000000ce86fda0,0x00000000d0f80000)
 Metaspace       used 78929K, committed 80256K, reserved 1179648K
  class space    used 8452K, committed 8960K, reserved 1048576K
}
Event: 157.494 GC heap after
{Heap after GC invocations=192 (full 12):
 PSYoungGen      total 5120K, used 850K [0x00000000eab00000, 0x00000000eb100000, 0x0000000100000000)
  eden space 4096K, 0% used [0x00000000eab00000,0x00000000eab00000,0x00000000eaf00000)
  from space 1024K, 83% used [0x00000000eaf00000,0x00000000eafd48a8,0x00000000eb000000)
  to   space 1024K, 0% used [0x00000000eb000000,0x00000000eb000000,0x00000000eb100000)
 ParOldGen       total 278016K, used 238147K [0x00000000c0000000, 0x00000000d0f80000, 0x00000000eab00000)
  object space 278016K, 85% used [0x00000000c0000000,0x00000000ce890c38,0x00000000d0f80000)
 Metaspace       used 78929K, committed 80256K, reserved 1179648K
  class space    used 8452K, committed 8960K, reserved 1048576K
}
Event: 157.926 GC heap before
{Heap before GC invocations=193 (full 12):
 PSYoungGen      total 5120K, used 4946K [0x00000000eab00000, 0x00000000eb100000, 0x0000000100000000)
  eden space 4096K, 100% used [0x00000000eab00000,0x00000000eaf00000,0x00000000eaf00000)
  from space 1024K, 83% used [0x00000000eaf00000,0x00000000eafd48a8,0x00000000eb000000)
  to   space 1024K, 0% used [0x00000000eb000000,0x00000000eb000000,0x00000000eb100000)
 ParOldGen       total 278016K, used 238147K [0x00000000c0000000, 0x00000000d0f80000, 0x00000000eab00000)
  object space 278016K, 85% used [0x00000000c0000000,0x00000000ce890c38,0x00000000d0f80000)
 Metaspace       used 79224K, committed 80704K, reserved 1179648K
  class space    used 8474K, committed 9088K, reserved 1048576K
}
Event: 157.927 GC heap after
{Heap after GC invocations=193 (full 12):
 PSYoungGen      total 5120K, used 320K [0x00000000eab00000, 0x00000000eb100000, 0x0000000100000000)
  eden space 4096K, 0% used [0x00000000eab00000,0x00000000eab00000,0x00000000eaf00000)
  from space 1024K, 31% used [0x00000000eb000000,0x00000000eb050000,0x00000000eb100000)
  to   space 1024K, 0% used [0x00000000eaf00000,0x00000000eaf00000,0x00000000eb000000)
 ParOldGen       total 278016K, used 238294K [0x00000000c0000000, 0x00000000d0f80000, 0x00000000eab00000)
  object space 278016K, 85% used [0x00000000c0000000,0x00000000ce8b59d8,0x00000000d0f80000)
 Metaspace       used 79224K, committed 80704K, reserved 1179648K
  class space    used 8474K, committed 9088K, reserved 1048576K
}
Event: 157.956 GC heap before
{Heap before GC invocations=194 (full 12):
 PSYoungGen      total 5120K, used 4415K [0x00000000eab00000, 0x00000000eb100000, 0x0000000100000000)
  eden space 4096K, 99% used [0x00000000eab00000,0x00000000eaefff08,0x00000000eaf00000)
  from space 1024K, 31% used [0x00000000eb000000,0x00000000eb050000,0x00000000eb100000)
  to   space 1024K, 0% used [0x00000000eaf00000,0x00000000eaf00000,0x00000000eb000000)
 ParOldGen       total 278016K, used 238294K [0x00000000c0000000, 0x00000000d0f80000, 0x00000000eab00000)
  object space 278016K, 85% used [0x00000000c0000000,0x00000000ce8b59d8,0x00000000d0f80000)
 Metaspace       used 79250K, committed 80704K, reserved 1179648K
  class space    used 8476K, committed 9088K, reserved 1048576K
}
Event: 157.958 GC heap after
{Heap after GC invocations=194 (full 12):
 PSYoungGen      total 5120K, used 992K [0x00000000eab00000, 0x00000000eb200000, 0x0000000100000000)
  eden space 4096K, 0% used [0x00000000eab00000,0x00000000eab00000,0x00000000eaf00000)
  from space 1024K, 96% used [0x00000000eaf00000,0x00000000eaff8030,0x00000000eb000000)
  to   space 1536K, 0% used [0x00000000eb080000,0x00000000eb080000,0x00000000eb200000)
 ParOldGen       total 278016K, used 238478K [0x00000000c0000000, 0x00000000d0f80000, 0x00000000eab00000)
  object space 278016K, 85% used [0x00000000c0000000,0x00000000ce8e39e8,0x00000000d0f80000)
 Metaspace       used 79250K, committed 80704K, reserved 1179648K
  class space    used 8476K, committed 9088K, reserved 1048576K
}
Event: 232.967 GC heap before
{Heap before GC invocations=195 (full 12):
 PSYoungGen      total 5120K, used 5088K [0x00000000eab00000, 0x00000000eb200000, 0x0000000100000000)
  eden space 4096K, 100% used [0x00000000eab00000,0x00000000eaf00000,0x00000000eaf00000)
  from space 1024K, 96% used [0x00000000eaf00000,0x00000000eaff8030,0x00000000eb000000)
  to   space 1536K, 0% used [0x00000000eb080000,0x00000000eb080000,0x00000000eb200000)
 ParOldGen       total 278016K, used 238478K [0x00000000c0000000, 0x00000000d0f80000, 0x00000000eab00000)
  object space 278016K, 85% used [0x00000000c0000000,0x00000000ce8e39e8,0x00000000d0f80000)
 Metaspace       used 79403K, committed 80832K, reserved 1179648K
  class space    used 8485K, committed 9088K, reserved 1048576K
}
Event: 232.968 GC heap after
{Heap after GC invocations=195 (full 12):
 PSYoungGen      total 4608K, used 352K [0x00000000eab00000, 0x00000000eb100000, 0x0000000100000000)
  eden space 4096K, 0% used [0x00000000eab00000,0x00000000eab00000,0x00000000eaf00000)
  from space 512K, 68% used [0x00000000eb080000,0x00000000eb0d8000,0x00000000eb100000)
  to   space 1024K, 0% used [0x00000000eaf00000,0x00000000eaf00000,0x00000000eb000000)
 ParOldGen       total 278016K, used 239442K [0x00000000c0000000, 0x00000000d0f80000, 0x00000000eab00000)
  object space 278016K, 86% used [0x00000000c0000000,0x00000000ce9d4bc8,0x00000000d0f80000)
 Metaspace       used 79403K, committed 80832K, reserved 1179648K
  class space    used 8485K, committed 9088K, reserved 1048576K
}
Event: 233.147 GC heap before
{Heap before GC invocations=196 (full 12):
 PSYoungGen      total 4608K, used 4448K [0x00000000eab00000, 0x00000000eb100000, 0x0000000100000000)
  eden space 4096K, 100% used [0x00000000eab00000,0x00000000eaf00000,0x00000000eaf00000)
  from space 512K, 68% used [0x00000000eb080000,0x00000000eb0d8000,0x00000000eb100000)
  to   space 1024K, 0% used [0x00000000eaf00000,0x00000000eaf00000,0x00000000eb000000)
 ParOldGen       total 278016K, used 239442K [0x00000000c0000000, 0x00000000d0f80000, 0x00000000eab00000)
  object space 278016K, 86% used [0x00000000c0000000,0x00000000ce9d4bc8,0x00000000d0f80000)
 Metaspace       used 79432K, committed 80832K, reserved 1179648K
  class space    used 8487K, committed 9088K, reserved 1048576K
}
Event: 233.149 GC heap after
{Heap after GC invocations=196 (full 12):
 PSYoungGen      total 5120K, used 688K [0x00000000eab00000, 0x00000000eb100000, 0x0000000100000000)
  eden space 4096K, 0% used [0x00000000eab00000,0x00000000eab00000,0x00000000eaf00000)
  from space 1024K, 67% used [0x00000000eaf00000,0x00000000eafac030,0x00000000eb000000)
  to   space 1024K, 0% used [0x00000000eb000000,0x00000000eb000000,0x00000000eb100000)
 ParOldGen       total 278016K, used 239442K [0x00000000c0000000, 0x00000000d0f80000, 0x00000000eab00000)
  object space 278016K, 86% used [0x00000000c0000000,0x00000000ce9d4bc8,0x00000000d0f80000)
 Metaspace       used 79432K, committed 80832K, reserved 1179648K
  class space    used 8487K, committed 9088K, reserved 1048576K
}
Event: 233.208 GC heap before
{Heap before GC invocations=197 (full 12):
 PSYoungGen      total 5120K, used 4783K [0x00000000eab00000, 0x00000000eb100000, 0x0000000100000000)
  eden space 4096K, 99% used [0x00000000eab00000,0x00000000eaefffb8,0x00000000eaf00000)
  from space 1024K, 67% used [0x00000000eaf00000,0x00000000eafac030,0x00000000eb000000)
  to   space 1024K, 0% used [0x00000000eb000000,0x00000000eb000000,0x00000000eb100000)
 ParOldGen       total 278016K, used 239442K [0x00000000c0000000, 0x00000000d0f80000, 0x00000000eab00000)
  object space 278016K, 86% used [0x00000000c0000000,0x00000000ce9d4bc8,0x00000000d0f80000)
 Metaspace       used 79566K, committed 80960K, reserved 1179648K
  class space    used 8490K, committed 9088K, reserved 1048576K
}
Event: 233.209 GC heap after
{Heap after GC invocations=197 (full 12):
 PSYoungGen      total 4096K, used 992K [0x00000000eab00000, 0x00000000eb300000, 0x0000000100000000)
  eden space 3072K, 0% used [0x00000000eab00000,0x00000000eab00000,0x00000000eae00000)
  from space 1024K, 96% used [0x00000000eb000000,0x00000000eb0f8010,0x00000000eb100000)
  to   space 2048K, 0% used [0x00000000eae00000,0x00000000eae00000,0x00000000eb000000)
 ParOldGen       total 278016K, used 239990K [0x00000000c0000000, 0x00000000d0f80000, 0x00000000eab00000)
  object space 278016K, 86% used [0x00000000c0000000,0x00000000cea5d910,0x00000000d0f80000)
 Metaspace       used 79566K, committed 80960K, reserved 1179648K
  class space    used 8490K, committed 9088K, reserved 1048576K
}
Event: 233.231 GC heap before
{Heap before GC invocations=198 (full 12):
 PSYoungGen      total 4096K, used 4045K [0x00000000eab00000, 0x00000000eb300000, 0x0000000100000000)
  eden space 3072K, 99% used [0x00000000eab00000,0x00000000eadfb790,0x00000000eae00000)
  from space 1024K, 96% used [0x00000000eb000000,0x00000000eb0f8010,0x00000000eb100000)
  to   space 2048K, 0% used [0x00000000eae00000,0x00000000eae00000,0x00000000eb000000)
 ParOldGen       total 278016K, used 239990K [0x00000000c0000000, 0x00000000d0f80000, 0x00000000eab00000)
  object space 278016K, 86% used [0x00000000c0000000,0x00000000cea5d910,0x00000000d0f80000)
 Metaspace       used 79664K, committed 81088K, reserved 1179648K
  class space    used 8493K, committed 9088K, reserved 1048576K
}
Event: 233.233 GC heap after
{Heap after GC invocations=198 (full 12):
 PSYoungGen      total 4608K, used 1321K [0x00000000eab00000, 0x00000000eb100000, 0x0000000100000000)
  eden space 3072K, 0% used [0x00000000eab00000,0x00000000eab00000,0x00000000eae00000)
  from space 1536K, 86% used [0x00000000eae00000,0x00000000eaf4a580,0x00000000eaf80000)
  to   space 1536K, 0% used [0x00000000eaf80000,0x00000000eaf80000,0x00000000eb100000)
 ParOldGen       total 278016K, used 243220K [0x00000000c0000000, 0x00000000d0f80000, 0x00000000eab00000)
  object space 278016K, 87% used [0x00000000c0000000,0x00000000ced851b0,0x00000000d0f80000)
 Metaspace       used 79664K, committed 81088K, reserved 1179648K
  class space    used 8493K, committed 9088K, reserved 1048576K
}
Event: 233.243 GC heap before
{Heap before GC invocations=199 (full 12):
 PSYoungGen      total 4608K, used 3701K [0x00000000eab00000, 0x00000000eb100000, 0x0000000100000000)
  eden space 3072K, 77% used [0x00000000eab00000,0x00000000ead530f8,0x00000000eae00000)
  from space 1536K, 86% used [0x00000000eae00000,0x00000000eaf4a580,0x00000000eaf80000)
  to   space 1536K, 0% used [0x00000000eaf80000,0x00000000eaf80000,0x00000000eb100000)
 ParOldGen       total 278016K, used 243220K [0x00000000c0000000, 0x00000000d0f80000, 0x00000000eab00000)
  object space 278016K, 87% used [0x00000000c0000000,0x00000000ced851b0,0x00000000d0f80000)
 Metaspace       used 79718K, committed 81152K, reserved 1179648K
  class space    used 8494K, committed 9088K, reserved 1048576K
}
Event: 233.244 GC heap after
{Heap after GC invocations=199 (full 12):
 PSYoungGen      total 4096K, used 1528K [0x00000000eab00000, 0x00000000eb200000, 0x0000000100000000)
  eden space 2560K, 0% used [0x00000000eab00000,0x00000000eab00000,0x00000000ead80000)
  from space 1536K, 99% used [0x00000000eaf80000,0x00000000eb0fe360,0x00000000eb100000)
  to   space 2048K, 0% used [0x00000000ead80000,0x00000000ead80000,0x00000000eaf80000)
 ParOldGen       total 278016K, used 243268K [0x00000000c0000000, 0x00000000d0f80000, 0x00000000eab00000)
  object space 278016K, 87% used [0x00000000c0000000,0x00000000ced911c0,0x00000000d0f80000)
 Metaspace       used 79718K, committed 81152K, reserved 1179648K
  class space    used 8494K, committed 9088K, reserved 1048576K
}
Event: 233.247 GC heap before
{Heap before GC invocations=200 (full 12):
 PSYoungGen      total 4096K, used 3742K [0x00000000eab00000, 0x00000000eb200000, 0x0000000100000000)
  eden space 2560K, 86% used [0x00000000eab00000,0x00000000ead29540,0x00000000ead80000)
  from space 1536K, 99% used [0x00000000eaf80000,0x00000000eb0fe360,0x00000000eb100000)
  to   space 2048K, 0% used [0x00000000ead80000,0x00000000ead80000,0x00000000eaf80000)
 ParOldGen       total 278016K, used 243268K [0x00000000c0000000, 0x00000000d0f80000, 0x00000000eab00000)
  object space 278016K, 87% used [0x00000000c0000000,0x00000000ced911c0,0x00000000d0f80000)
 Metaspace       used 79761K, committed 81152K, reserved 1179648K
  class space    used 8496K, committed 9088K, reserved 1048576K
}
Event: 233.249 GC heap after
{Heap after GC invocations=200 (full 12):
 PSYoungGen      total 4608K, used 2036K [0x00000000eab00000, 0x00000000eb300000, 0x0000000100000000)
  eden space 2560K, 0% used [0x00000000eab00000,0x00000000eab00000,0x00000000ead80000)
  from space 2048K, 99% used [0x00000000ead80000,0x00000000eaf7d018,0x00000000eaf80000)
  to   space 2560K, 0% used [0x00000000eb080000,0x00000000eb080000,0x00000000eb300000)
 ParOldGen       total 278016K, used 244849K [0x00000000c0000000, 0x00000000d0f80000, 0x00000000eab00000)
  object space 278016K, 88% used [0x00000000c0000000,0x00000000cef1c4f0,0x00000000d0f80000)
 Metaspace       used 79761K, committed 81152K, reserved 1179648K
  class space    used 8496K, committed 9088K, reserved 1048576K
}

